<?xml version="1.0" encoding="UTF-8"?>
<!-- Generated by org.testng.reporters.JUnitXMLReporter -->
<testsuite hostname="LAPTOP-0REMJV0P" ignored="0" name="Add Customer Test" tests="4" failures="0" timestamp="21 Jan 2019 12:01:26 GMT" time="16.438" errors="0">
  <testcase name="addCustomerTest" time="5.558" classname="com.w2a.testcases.AddCustomerTest"/>
  <testcase name="addCustomerTest" time="0.001" classname="com.w2a.testcases.AddCustomerTest">
    <skipped/>
  </testcase> <!-- addCustomerTest -->
  <testcase name="addCustomerTest" time="5.294" classname="com.w2a.testcases.AddCustomerTest"/>
  <testcase name="addCustomerTest" time="5.301" classname="com.w2a.testcases.AddCustomerTest"/>
</testsuite> <!-- Add Customer Test -->
