<?xml version="1.0" encoding="UTF-8"?>
<testsuite name="TestSuite" time="12.099" tests="6" errors="0" skipped="2" failures="0">
  <properties>
[...]
</properties>
  <testcase name="bankManagerLoginTest" classname="com.w2a.testcases.BankManagerLoginTest" time="6.529"/>
  <testcase name="addCustomerTest" classname="com.w2a.testcases.AddCustomerTest" time="5.57"/>
  <testcase name="addCustomerTest" classname="com.w2a.testcases.AddCustomerTest" time="0">
    <skipped/>
  </testcase>
  <testcase name="addCustomerTest" classname="com.w2a.testcases.AddCustomerTest" time="5.291"/>
  <testcase name="addCustomerTest" classname="com.w2a.testcases.AddCustomerTest" time="5.304"/>
  <testcase name="openAccountTest" classname="com.w2a.testcases.OpenAccountTest" time="0">
    <skipped/>
  </testcase>
</testsuite>